<?xml version="1.0" encoding="UTF-8"?><testsuite errors="0" failures="1" name="in.reqres.usersinfo.UserCurdTest" skipped="0" tests="2" time="3.82" timestamp="2022-06-07T23:20:06.518+01:00[Europe/London]"><testcase classname="in.reqres.usersinfo.UserCurdTest" name="Test001"/><testcase classname="in.reqres.usersinfo.UserCurdTest" name="Test002"><failure message="1 expectation failed.&#10;Expected status code &lt;200&gt; but was &lt;404&gt;.&#10;" type="java.lang.AssertionError">1 expectation failed.
Expected status code &lt;200&gt; but was &lt;404&gt;.
</failure><system-err>1 expectation failed.
Expected status code &lt;200&gt; but was &lt;404&gt;.
&#13;
io.restassured.internal.ResponseSpecificationImpl.validateResponseIfRequired(ResponseSpecificationImpl.groovy:636)&#13;
io.restassured.internal.ResponseSpecificationImpl.statusCode(ResponseSpecificationImpl.groovy:122)&#13;
io.restassured.internal.ResponseSpecificationImpl.statusCode(ResponseSpecificationImpl.groovy:130)&#13;
io.restassured.internal.ValidatableResponseOptionsImpl.statusCode(ValidatableResponseOptionsImpl.java:117)&#13;
in.reqres.usersinfo.UserCurdTest.test002(UserCurdTest.java:56)&#13;
</system-err></testcase></testsuite>